<?xml version="1.0" encoding="UTF-8"?>
<!-- Generated by org.testng.reporters.JUnitReportReporter -->
<testsuite hostname="WIN-A8PGH3U3BGJ" failures="0" tests="2" name="testingNG.GoogleTest" time="9.392" errors="0" timestamp="2021-12-01T16:48:26 IST" skipped="0">
  <testcase classname="testingNG.GoogleTest" name="checktitle" time="3.797"/>
  <system-out/>
  <testcase classname="testingNG.GoogleTest" name="checklogo" time="5.595"/>
  <system-out/>
</testsuite> <!-- testingNG.GoogleTest -->
