<?xml version="1.0" encoding="UTF-8"?>
<!-- Generated by org.testng.reporters.JUnitReportReporter -->
<testsuite hostname="WIN-A8PGH3U3BGJ" failures="0" tests="1" name="testingNG.TestNGsequence" time="0.004" errors="0" timestamp="2021-11-26T14:47:29 IST" skipped="0">
  <testcase classname="testingNG.TestNGsequence" name="checktitle" time="0.004"/>
  <system-out/>
</testsuite> <!-- testingNG.TestNGsequence -->
