<?xml version="1.0" encoding="UTF-8"?>
<!-- Generated by org.testng.reporters.JUnitReportReporter -->
<testsuite hostname="WIN-A8PGH3U3BGJ" failures="0" tests="2" name="testingNG.DataProviderDemo" time="7.636" errors="0" timestamp="2021-11-29T11:00:41 IST" skipped="0">
  <testcase classname="testingNG.DataProviderDemo" name="f" time="5.250"/>
  <system-out/>
  <testcase classname="testingNG.DataProviderDemo" name="f" time="2.386"/>
  <system-out/>
</testsuite> <!-- testingNG.DataProviderDemo -->
