<?xml version="1.0" encoding="UTF-8"?>
<!-- Generated by org.testng.reporters.JUnitReportReporter -->
<testsuite hostname="WIN-A8PGH3U3BGJ" failures="0" tests="2" name="testingNG.ParallelTest" time="0.012" errors="0" timestamp="2021-11-26T17:14:10 IST" skipped="0">
  <testcase classname="testingNG.ParallelTest" name="ChromeTest" time="0.006"/>
  <system-out/>
  <testcase classname="testingNG.ParallelTest" name="EdgeTest" time="0.006"/>
  <system-out/>
</testsuite> <!-- testingNG.ParallelTest -->
