<?xml version="1.0" encoding="UTF-8"?>
<!-- Generated by org.testng.reporters.JUnitReportReporter -->
<testsuite hostname="WIN-A8PGH3U3BGJ" failures="0" tests="3" name="groups.Testgroup2" time="0.003" errors="0" timestamp="2021-11-29T12:55:29 IST" skipped="0">
  <testcase classname="groups.Testgroup2" name="Test8" time="0.001"/>
  <system-out/>
  <testcase classname="groups.Testgroup2" name="Test7" time="0.001"/>
  <system-out/>
  <testcase classname="groups.Testgroup2" name="Test6" time="0.001"/>
  <system-out/>
</testsuite> <!-- groups.Testgroup2 -->
