<?xml version="1.0" encoding="UTF-8"?>
<!-- Generated by org.testng.reporters.JUnitReportReporter -->
<testsuite hostname="WIN-A8PGH3U3BGJ" failures="0" tests="2" name="groups.Testgroup1" time="0.007" errors="0" timestamp="2021-11-29T12:55:29 IST" skipped="0">
  <testcase classname="groups.Testgroup1" name="Test3" time="0.006"/>
  <system-out/>
  <testcase classname="groups.Testgroup1" name="Test4" time="0.001"/>
  <system-out/>
</testsuite> <!-- groups.Testgroup1 -->
