<?xml version="1.0" encoding="UTF-8"?>
<!-- Generated by org.testng.reporters.JUnitReportReporter -->
<testsuite hostname="WIN-A8PGH3U3BGJ" failures="0" tests="3" name="testingNG.PriorityDemo" time="11.065" errors="0" timestamp="2021-11-26T15:20:07 IST" skipped="0">
  <testcase classname="testingNG.PriorityDemo" name="startapp" time="6.895"/>
  <system-out/>
  <testcase classname="testingNG.PriorityDemo" name="loginapp" time="2.986"/>
  <system-out/>
  <testcase classname="testingNG.PriorityDemo" name="signoff" time="1.184"/>
  <system-out/>
</testsuite> <!-- testingNG.PriorityDemo -->
